<?xml version="1.0" encoding="UTF-8"?>
<!-- Generated by org.testng.reporters.JUnitReportReporter -->
<testsuite skipped="0" hostname="computer41" name="testofAutomation.TFirstAutomatedProgram" tests="3" failures="0" timestamp="22 Jan 2019 06:28:28 GMT" time="0.018" errors="0">
  <testcase name="loginapplication" time="0.012" classname="testofAutomation.TFirstAutomatedProgram"/>
  <testcase name="selectitems" time="0.003" classname="testofAutomation.TFirstAutomatedProgram"/>
  <testcase name="logoutApllication" time="0.003" classname="testofAutomation.TFirstAutomatedProgram"/>
</testsuite> <!-- testofAutomation.TFirstAutomatedProgram -->
